[noodleth.com/index.html]
[backblue.gif]
[fade.gif]
[index.html]
[noodleth.com/26387fa4f5b1e3f7b6217b27d79bf264.png]
[noodleth.com/2d0b56e7e51cf11036ad8734bdb67e2d.png]
[noodleth.com/725b756a69a7d4c235070e51acd85560.png]
[noodleth.com/fonts/99ddc70a8ffa326837e6983f9aed0872.woff2]
[noodleth.com/fonts/881b8da5ad9b82b143ab37dcdf069c4c.woff2]
[noodleth.com/fonts/b13d468f88f904752a71651083120b9b.woff2]
[noodleth.com/fonts/e8e51b9875286101e41224d1f8f57146.woff2]
[noodleth.com/fonts/2f9ca4e3b153c05839a1665e2deae5bd.woff2]
[noodleth.com/fonts/f8f199f09526f79e87644ed227e0f651.woff2]
[noodleth.com/fonts/98c4d2c0223fc8474641c77f923528e9.woff2]
[noodleth.com/fonts/d257a7100844bc3f98c9021168b6249e.woff2]
[noodleth.com/fonts/1060345c54d396e76d73f1da7ee200bd.woff2]
[noodleth.com/images/864116b70139104a3e2069faf5d5f984.png]
[noodleth.com/images/2b1c2637cb25bd9edd561316a2f22b13.jpg]
[noodleth.com/videos/162f3e48d012dd7292e2cf4c38e0933e.gif]
[noodleth.com/videos/c760c62797f05a0d62be43c115d38787.gif]
[noodleth.com/'']
[noodleth.com/images/c93c89897f385aae1bfeb8b6545af6bc.png]
[noodleth.com/images/80ea7e5ac67e6f7ad2946cac958afb8a.jpg]
[noodleth.com/images/ca2acae4cc94f1945763f4b33c278106.svg]
[noodleth.com/images/2cd7b0881473d404525aa994765459e9.svg]
[noodleth.com/images/557c92eb840e229426c895febb98e1f7.jpg]
[noodleth.com/js/73ad2651535b7ecadd366d5fa045dc32c1cdb8fc38f8243601b62b64f4123420.js]
[noodleth.com/js/aa9e3b8f2ab80dd8d1ea56debe4638a8008674aa985899320321c67eb7d42586.js]
[noodleth.com/index.html]
[noodleth.com/''.html]
[noodleth.com/images/ca2acae4cc94f1945763f4b33c278106.svg]
[noodleth.com/images/2cd7b0881473d404525aa994765459e9.svg]
[noodleth.com/js/cdf403cf7849c6d5f29e54a226c3d34423198b1c903c5cbc1a9a616b3553c15d.js]
